# JRE version: OpenJDK Runtime Environment (8.0) (build 1.8.0-25-microsoft-b00)
# Java VM: OpenJDK 64-Bit Server VM (25.71-b00 mixed mode windows-amd64 compressed oops)
Heap:
 PSYoungGen      total 196096K, used 152401K [0x00000000eab00000, 0x00000000fab80000, 0x0000000100000000)
  eden space 161280K, 91% used [0x00000000eab00000,0x00000000f3abf778,0x00000000f4880000)
  from space 34816K, 14% used [0x00000000f4880000,0x00000000f4d94d10,0x00000000f6a80000)
  to   space 34304K, 0% used [0x00000000f8a00000,0x00000000f8a00000,0x00000000fab80000)
 ParOldGen       total 131584K, used 71342K [0x00000000c0000000, 0x00000000c8080000, 0x00000000eab00000)
  object space 131584K, 54% used [0x00000000c0000000,0x00000000c45aba68,0x00000000c8080000)
 Metaspace       used 16731K, capacity 17652K, committed 18048K, reserved 1064960K
  class space    used 2033K, capacity 2274K, committed 2432K, reserved 1048576K
GC Heap History (10 events):
Event: 4.711 GC heap before
{Heap before GC invocations=11 (full 1):
 PSYoungGen      total 140288K, used 140280K [0x00000000eab00000, 0x00000000f6c00000, 0x0000000100000000)
  eden space 114688K, 100% used [0x00000000eab00000,0x00000000f1b00000,0x00000000f1b00000)
  from space 25600K, 99% used [0x00000000f1b00000,0x00000000f33fe088,0x00000000f3400000)
  to   space 31232K, 0% used [0x00000000f4d80000,0x00000000f4d80000,0x00000000f6c00000)
 ParOldGen       total 75776K, used 42431K [0x00000000c0000000, 0x00000000c4a00000, 0x00000000eab00000)
  object space 75776K, 55% used [0x00000000c0000000,0x00000000c296fe70,0x00000000c4a00000)
 Metaspace       used 15085K, capacity 16034K, committed 16128K, reserved 1062912K
  class space    used 1969K, capacity 2233K, committed 2304K, reserved 1048576K
Event: 4.774 GC heap after
Heap after GC invocations=11 (full 1):
 PSYoungGen      total 162816K, used 28523K [0x00000000eab00000, 0x00000000f8980000, 0x0000000100000000)
  eden space 131584K, 0% used [0x00000000eab00000,0x00000000eab00000,0x00000000f2b80000)
  from space 31232K, 91% used [0x00000000f4d80000,0x00000000f695aef8,0x00000000f6c00000)
  to   space 34816K, 0% used [0x00000000f2b80000,0x00000000f2b80000,0x00000000f4d80000)
 ParOldGen       total 75776K, used 56275K [0x00000000c0000000, 0x00000000c4a00000, 0x00000000eab00000)
  object space 75776K, 74% used [0x00000000c0000000,0x00000000c36f4ff0,0x00000000c4a00000)
 Metaspace       used 15085K, capacity 16034K, committed 16128K, reserved 1062912K
  class space    used 1969K, capacity 2233K, committed 2304K, reserved 1048576K
}
Event: 5.683 GC heap before
{Heap before GC invocations=12 (full 1):
 PSYoungGen      total 162816K, used 160107K [0x00000000eab00000, 0x00000000f8980000, 0x0000000100000000)
  eden space 131584K, 100% used [0x00000000eab00000,0x00000000f2b80000,0x00000000f2b80000)
  from space 31232K, 91% used [0x00000000f4d80000,0x00000000f695aef8,0x00000000f6c00000)
  to   space 34816K, 0% used [0x00000000f2b80000,0x00000000f2b80000,0x00000000f4d80000)
 ParOldGen       total 75776K, used 56275K [0x00000000c0000000, 0x00000000c4a00000, 0x00000000eab00000)
  object space 75776K, 74% used [0x00000000c0000000,0x00000000c36f4ff0,0x00000000c4a00000)
 Metaspace       used 15930K, capacity 16954K, committed 17280K, reserved 1064960K
  class space    used 2045K, capacity 2305K, committed 2432K, reserved 1048576K
Event: 5.740 GC heap after
Heap after GC invocations=12 (full 1):
 PSYoungGen      total 166400K, used 3104K [0x00000000eab00000, 0x00000000fa000000, 0x0000000100000000)
  eden space 131584K, 0% used [0x00000000eab00000,0x00000000eab00000,0x00000000f2b80000)
  from space 34816K, 8% used [0x00000000f2b80000,0x00000000f2e88358,0x00000000f4d80000)
  to   space 35328K, 0% used [0x00000000f7d80000,0x00000000f7d80000,0x00000000fa000000)
 ParOldGen       total 81920K, used 81076K [0x00000000c0000000, 0x00000000c5000000, 0x00000000eab00000)
  object space 81920K, 98% used [0x00000000c0000000,0x00000000c4f2d038,0x00000000c5000000)
 Metaspace       used 15930K, capacity 16954K, committed 17280K, reserved 1064960K
  class space    used 2045K, capacity 2305K, committed 2432K, reserved 1048576K
}
Event: 5.740 GC heap before
{Heap before GC invocations=13 (full 2):
 PSYoungGen      total 166400K, used 3104K [0x00000000eab00000, 0x00000000fa000000, 0x0000000100000000)
  eden space 131584K, 0% used [0x00000000eab00000,0x00000000eab00000,0x00000000f2b80000)
  from space 34816K, 8% used [0x00000000f2b80000,0x00000000f2e88358,0x00000000f4d80000)
  to   space 35328K, 0% used [0x00000000f7d80000,0x00000000f7d80000,0x00000000fa000000)
 ParOldGen       total 81920K, used 81076K [0x00000000c0000000, 0x00000000c5000000, 0x00000000eab00000)
  object space 81920K, 98% used [0x00000000c0000000,0x00000000c4f2d038,0x00000000c5000000)
 Metaspace       used 15930K, capacity 16954K, committed 17280K, reserved 1064960K
  class space    used 2045K, capacity 2305K, committed 2432K, reserved 1048576K
Event: 6.231 GC heap after
Heap after GC invocations=13 (full 2):
 PSYoungGen      total 166400K, used 0K [0x00000000eab00000, 0x00000000fa000000, 0x0000000100000000)
  eden space 131584K, 0% used [0x00000000eab00000,0x00000000eab00000,0x00000000f2b80000)
  from space 34816K, 0% used [0x00000000f2b80000,0x00000000f2b80000,0x00000000f4d80000)
  to   space 35328K, 0% used [0x00000000f7d80000,0x00000000f7d80000,0x00000000fa000000)
 ParOldGen       total 131584K, used 71334K [0x00000000c0000000, 0x00000000c8080000, 0x00000000eab00000)
  object space 131584K, 54% used [0x00000000c0000000,0x00000000c45a9a68,0x00000000c8080000)
 Metaspace       used 15866K, capacity 16792K, committed 17280K, reserved 1064960K
  class space    used 2023K, capacity 2268K, committed 2432K, reserved 1048576K
}
Event: 7.000 GC heap before
{Heap before GC invocations=14 (full 2):
 PSYoungGen      total 166400K, used 131584K [0x00000000eab00000, 0x00000000fa000000, 0x0000000100000000)
  eden space 131584K, 100% used [0x00000000eab00000,0x00000000f2b80000,0x00000000f2b80000)
  from space 34816K, 0% used [0x00000000f2b80000,0x00000000f2b80000,0x00000000f4d80000)
  to   space 35328K, 0% used [0x00000000f7d80000,0x00000000f7d80000,0x00000000fa000000)
 ParOldGen       total 131584K, used 71334K [0x00000000c0000000, 0x00000000c8080000, 0x00000000eab00000)
  object space 131584K, 54% used [0x00000000c0000000,0x00000000c45a9a68,0x00000000c8080000)
 Metaspace       used 16296K, capacity 17280K, committed 17792K, reserved 1064960K
  class space    used 2026K, capacity 2274K, committed 2432K, reserved 1048576K
Event: 7.011 GC heap after
Heap after GC invocations=14 (full 2):
 PSYoungGen      total 176640K, used 2681K [0x00000000eab00000, 0x00000000f8c80000, 0x0000000100000000)
  eden space 161280K, 0% used [0x00000000eab00000,0x00000000eab00000,0x00000000f4880000)
  from space 15360K, 17% used [0x00000000f7d80000,0x00000000f801e6f8,0x00000000f8c80000)
  to   space 34816K, 0% used [0x00000000f4880000,0x00000000f4880000,0x00000000f6a80000)
 ParOldGen       total 131584K, used 71334K [0x00000000c0000000, 0x00000000c8080000, 0x00000000eab00000)
  object space 131584K, 54% used [0x00000000c0000000,0x00000000c45a9a68,0x00000000c8080000)
 Metaspace       used 16296K, capacity 17280K, committed 17792K, reserved 1064960K
  class space    used 2026K, capacity 2274K, committed 2432K, reserved 1048576K
}
Event: 7.501 GC heap before
{Heap before GC invocations=15 (full 2):
 PSYoungGen      total 176640K, used 163961K [0x00000000eab00000, 0x00000000f8c80000, 0x0000000100000000)
  eden space 161280K, 100% used [0x00000000eab00000,0x00000000f4880000,0x00000000f4880000)
  from space 15360K, 17% used [0x00000000f7d80000,0x00000000f801e6f8,0x00000000f8c80000)
  to   space 34816K, 0% used [0x00000000f4880000,0x00000000f4880000,0x00000000f6a80000)
 ParOldGen       total 131584K, used 71334K [0x00000000c0000000, 0x00000000c8080000, 0x00000000eab00000)
  object space 131584K, 54% used [0x00000000c0000000,0x00000000c45a9a68,0x00000000c8080000)
 Metaspace       used 16561K, capacity 17504K, committed 17792K, reserved 1064960K
  class space    used 2026K, capacity 2274K, committed 2432K, reserved 1048576K
Event: 7.513 GC heap after
Heap after GC invocations=15 (full 2):
 PSYoungGen      total 196096K, used 5203K [0x00000000eab00000, 0x00000000fab80000, 0x0000000100000000)
  eden space 161280K, 0% used [0x00000000eab00000,0x00000000eab00000,0x00000000f4880000)
  from space 34816K, 14% used [0x00000000f4880000,0x00000000f4d94d10,0x00000000f6a80000)
  to   space 34304K, 0% used [0x00000000f8a00000,0x00000000f8a00000,0x00000000fab80000)
 ParOldGen       total 131584K, used 71342K [0x00000000c0000000, 0x00000000c8080000, 0x00000000eab00000)
  object space 131584K, 54% used [0x00000000c0000000,0x00000000c45aba68,0x00000000c8080000)
 Metaspace       used 16561K, capacity 17504K, committed 17792K, reserved 1064960K
  class space    used 2026K, capacity 2274K, committed 2432K, reserved 1048576K
}

