# JRE version: OpenJDK Runtime Environment (8.0) (build 1.8.0-25-microsoft-b00)
# Java VM: OpenJDK 64-Bit Server VM (25.71-b00 mixed mode windows-amd64 compressed oops)
Heap:
 PSYoungGen      total 287744K, used 135047K [0x00000000eab00000, 0x00000000fdc80000, 0x0000000100000000)
  eden space 262656K, 43% used [0x00000000eab00000,0x00000000f1b85da0,0x00000000fab80000)
  from space 25088K, 79% used [0x00000000fc400000,0x00000000fd75c010,0x00000000fdc80000)
  to   space 25088K, 0% used [0x00000000fab80000,0x00000000fab80000,0x00000000fc400000)
 ParOldGen       total 111616K, used 55972K [0x00000000c0000000, 0x00000000c6d00000, 0x00000000eab00000)
  object space 111616K, 50% used [0x00000000c0000000,0x00000000c36a9350,0x00000000c6d00000)
 Metaspace       used 17249K, capacity 18232K, committed 18816K, reserved 1064960K
  class space    used 2083K, capacity 2312K, committed 2432K, reserved 1048576K
GC Heap History (10 events):
Event: 11.158 GC heap before
{Heap before GC invocations=18 (full 2):
 PSYoungGen      total 219648K, used 199536K [0x00000000eab00000, 0x00000000fc100000, 0x0000000100000000)
  eden space 190976K, 100% used [0x00000000eab00000,0x00000000f6580000,0x00000000f6580000)
  from space 28672K, 29% used [0x00000000f6580000,0x00000000f6ddc010,0x00000000f8180000)
  to   space 27136K, 0% used [0x00000000fa680000,0x00000000fa680000,0x00000000fc100000)
 ParOldGen       total 111616K, used 55932K [0x00000000c0000000, 0x00000000c6d00000, 0x00000000eab00000)
  object space 111616K, 50% used [0x00000000c0000000,0x00000000c369f350,0x00000000c6d00000)
 Metaspace       used 17161K, capacity 18076K, committed 18560K, reserved 1064960K
  class space    used 2079K, capacity 2308K, committed 2432K, reserved 1048576K
Event: 11.181 GC heap after
Heap after GC invocations=18 (full 2):
 PSYoungGen      total 253440K, used 10032K [0x00000000eab00000, 0x00000000fbd80000, 0x0000000100000000)
  eden space 229888K, 0% used [0x00000000eab00000,0x00000000eab00000,0x00000000f8b80000)
  from space 23552K, 42% used [0x00000000fa680000,0x00000000fb04c010,0x00000000fbd80000)
  to   space 25600K, 0% used [0x00000000f8b80000,0x00000000f8b80000,0x00000000fa480000)
 ParOldGen       total 111616K, used 55940K [0x00000000c0000000, 0x00000000c6d00000, 0x00000000eab00000)
  object space 111616K, 50% used [0x00000000c0000000,0x00000000c36a1350,0x00000000c6d00000)
 Metaspace       used 17161K, capacity 18076K, committed 18560K, reserved 1064960K
  class space    used 2079K, capacity 2308K, committed 2432K, reserved 1048576K
}
Event: 12.431 GC heap before
{Heap before GC invocations=19 (full 2):
 PSYoungGen      total 253440K, used 239920K [0x00000000eab00000, 0x00000000fbd80000, 0x0000000100000000)
  eden space 229888K, 100% used [0x00000000eab00000,0x00000000f8b80000,0x00000000f8b80000)
  from space 23552K, 42% used [0x00000000fa680000,0x00000000fb04c010,0x00000000fbd80000)
  to   space 25600K, 0% used [0x00000000f8b80000,0x00000000f8b80000,0x00000000fa480000)
 ParOldGen       total 111616K, used 55940K [0x00000000c0000000, 0x00000000c6d00000, 0x00000000eab00000)
  object space 111616K, 50% used [0x00000000c0000000,0x00000000c36a1350,0x00000000c6d00000)
 Metaspace       used 17173K, capacity 18080K, committed 18560K, reserved 1064960K
  class space    used 2079K, capacity 2308K, committed 2432K, reserved 1048576K
Event: 12.482 GC heap after
Heap after GC invocations=19 (full 2):
 PSYoungGen      total 255488K, used 12752K [0x00000000eab00000, 0x00000000fdc80000, 0x0000000100000000)
  eden space 229888K, 0% used [0x00000000eab00000,0x00000000eab00000,0x00000000f8b80000)
  from space 25600K, 49% used [0x00000000f8b80000,0x00000000f97f4010,0x00000000fa480000)
  to   space 25088K, 0% used [0x00000000fc400000,0x00000000fc400000,0x00000000fdc80000)
 ParOldGen       total 111616K, used 55948K [0x00000000c0000000, 0x00000000c6d00000, 0x00000000eab00000)
  object space 111616K, 50% used [0x00000000c0000000,0x00000000c36a3350,0x00000000c6d00000)
 Metaspace       used 17173K, capacity 18080K, committed 18560K, reserved 1064960K
  class space    used 2079K, capacity 2308K, committed 2432K, reserved 1048576K
}
Event: 13.205 GC heap before
{Heap before GC invocations=20 (full 2):
 PSYoungGen      total 255488K, used 242640K [0x00000000eab00000, 0x00000000fdc80000, 0x0000000100000000)
  eden space 229888K, 100% used [0x00000000eab00000,0x00000000f8b80000,0x00000000f8b80000)
  from space 25600K, 49% used [0x00000000f8b80000,0x00000000f97f4010,0x00000000fa480000)
  to   space 25088K, 0% used [0x00000000fc400000,0x00000000fc400000,0x00000000fdc80000)
 ParOldGen       total 111616K, used 55948K [0x00000000c0000000, 0x00000000c6d00000, 0x00000000eab00000)
  object space 111616K, 50% used [0x00000000c0000000,0x00000000c36a3350,0x00000000c6d00000)
 Metaspace       used 17218K, capacity 18160K, committed 18560K, reserved 1064960K
  class space    used 2083K, capacity 2312K, committed 2432K, reserved 1048576K
Event: 13.230 GC heap after
Heap after GC invocations=20 (full 2):
 PSYoungGen      total 287744K, used 15168K [0x00000000eab00000, 0x00000000fdc80000, 0x0000000100000000)
  eden space 262656K, 0% used [0x00000000eab00000,0x00000000eab00000,0x00000000fab80000)
  from space 25088K, 60% used [0x00000000fc400000,0x00000000fd2d0000,0x00000000fdc80000)
  to   space 25088K, 0% used [0x00000000fab80000,0x00000000fab80000,0x00000000fc400000)
 ParOldGen       total 111616K, used 55956K [0x00000000c0000000, 0x00000000c6d00000, 0x00000000eab00000)
  object space 111616K, 50% used [0x00000000c0000000,0x00000000c36a5350,0x00000000c6d00000)
 Metaspace       used 17218K, capacity 18160K, committed 18560K, reserved 1064960K
  class space    used 2083K, capacity 2312K, committed 2432K, reserved 1048576K
}
Event: 13.878 GC heap before
{Heap before GC invocations=21 (full 2):
 PSYoungGen      total 287744K, used 277824K [0x00000000eab00000, 0x00000000fdc80000, 0x0000000100000000)
  eden space 262656K, 100% used [0x00000000eab00000,0x00000000fab80000,0x00000000fab80000)
  from space 25088K, 60% used [0x00000000fc400000,0x00000000fd2d0000,0x00000000fdc80000)
  to   space 25088K, 0% used [0x00000000fab80000,0x00000000fab80000,0x00000000fc400000)
 ParOldGen       total 111616K, used 55956K [0x00000000c0000000, 0x00000000c6d00000, 0x00000000eab00000)
  object space 111616K, 50% used [0x00000000c0000000,0x00000000c36a5350,0x00000000c6d00000)
 Metaspace       used 17231K, capacity 18164K, committed 18560K, reserved 1064960K
  class space    used 2083K, capacity 2312K, committed 2432K, reserved 1048576K
Event: 13.917 GC heap after
Heap after GC invocations=21 (full 2):
 PSYoungGen      total 287744K, used 17952K [0x00000000eab00000, 0x00000000fdc80000, 0x0000000100000000)
  eden space 262656K, 0% used [0x00000000eab00000,0x00000000eab00000,0x00000000fab80000)
  from space 25088K, 71% used [0x00000000fab80000,0x00000000fbd08000,0x00000000fc400000)
  to   space 25088K, 0% used [0x00000000fc400000,0x00000000fc400000,0x00000000fdc80000)
 ParOldGen       total 111616K, used 55964K [0x00000000c0000000, 0x00000000c6d00000, 0x00000000eab00000)
  object space 111616K, 50% used [0x00000000c0000000,0x00000000c36a7350,0x00000000c6d00000)
 Metaspace       used 17231K, capacity 18164K, committed 18560K, reserved 1064960K
  class space    used 2083K, capacity 2312K, committed 2432K, reserved 1048576K
}
Event: 14.759 GC heap before
{Heap before GC invocations=22 (full 2):
 PSYoungGen      total 287744K, used 280608K [0x00000000eab00000, 0x00000000fdc80000, 0x0000000100000000)
  eden space 262656K, 100% used [0x00000000eab00000,0x00000000fab80000,0x00000000fab80000)
  from space 25088K, 71% used [0x00000000fab80000,0x00000000fbd08000,0x00000000fc400000)
  to   space 25088K, 0% used [0x00000000fc400000,0x00000000fc400000,0x00000000fdc80000)
 ParOldGen       total 111616K, used 55964K [0x00000000c0000000, 0x00000000c6d00000, 0x00000000eab00000)
  object space 111616K, 50% used [0x00000000c0000000,0x00000000c36a7350,0x00000000c6d00000)
 Metaspace       used 17241K, capacity 18232K, committed 18816K, reserved 1064960K
  class space    used 2083K, capacity 2312K, committed 2432K, reserved 1048576K
Event: 14.792 GC heap after
Heap after GC invocations=22 (full 2):
 PSYoungGen      total 287744K, used 19824K [0x00000000eab00000, 0x00000000fdc80000, 0x0000000100000000)
  eden space 262656K, 0% used [0x00000000eab00000,0x00000000eab00000,0x00000000fab80000)
  from space 25088K, 79% used [0x00000000fc400000,0x00000000fd75c010,0x00000000fdc80000)
  to   space 25088K, 0% used [0x00000000fab80000,0x00000000fab80000,0x00000000fc400000)
 ParOldGen       total 111616K, used 55972K [0x00000000c0000000, 0x00000000c6d00000, 0x00000000eab00000)
  object space 111616K, 50% used [0x00000000c0000000,0x00000000c36a9350,0x00000000c6d00000)
 Metaspace       used 17241K, capacity 18232K, committed 18816K, reserved 1064960K
  class space    used 2083K, capacity 2312K, committed 2432K, reserved 1048576K
}

